<?xml version="1.0" encoding="UTF-8"?>
<!-- Generated by org.testng.reporters.JUnitReportReporter -->
<testsuite hostname="PHMANLROGERO01" failures="0" tests="3" name="TestScripts.Alerts" time="16.920" errors="0" timestamp="2023-10-03T19:43:44 CST" skipped="0">
  <testcase classname="TestScripts.Alerts" name="clickJSAlertPrompt" time="6.390"/>
  <system-out/>
  <testcase classname="TestScripts.Alerts" name="clickJSPrompt" time="5.668"/>
  <system-out/>
  <testcase classname="TestScripts.Alerts" name="clickJSConfirmPrompt" time="4.862"/>
  <system-out/>
</testsuite> <!-- TestScripts.Alerts -->
