<?xml version="1.0" encoding="UTF-8"?>
<testng-results ignored="0" total="1" passed="1" failed="0" skipped="0">
  <reporter-output>
  </reporter-output>
  <suite started-at="2025-06-28T20:27:32 PST" name="Suite" finished-at="2025-06-28T20:27:42 PST" duration-ms="9935">
    <groups>
    </groups>
    <test started-at="2025-06-28T20:27:32 PST" name="Test" finished-at="2025-06-28T20:27:42 PST" duration-ms="9935">
      <class name="test.java.ParaBank.UserCreationTest">
        <test-method signature="testUserCreation()[pri:0, instance:test.java.ParaBank.UserCreationTest@bcec361]" started-at="2025-06-28T20:27:32 PST" name="testUserCreation" finished-at="2025-06-28T20:27:42 PST" duration-ms="9869" status="PASS">
          <reporter-output>
          </reporter-output>
        </test-method> <!-- testUserCreation -->
      </class> <!-- test.java.ParaBank.UserCreationTest -->
    </test> <!-- Test -->
  </suite> <!-- Suite -->
</testng-results>
